<?xml version="1.0" encoding="UTF-8"?>
<testng-results skipped="1" failed="0" ignored="0" total="1" passed="0">
  <reporter-output>
  </reporter-output>
  <suite name="Default suite" duration-ms="15295" started-at="2020-05-19T16:28:08Z" finished-at="2020-05-19T16:28:23Z">
    <groups>
    </groups>
    <test name="Default test" duration-ms="15295" started-at="2020-05-19T16:28:08Z" finished-at="2020-05-19T16:28:23Z">
      <class name="org.web.automation.testcases.TC_001_Login_Logout_Valid_Credentials">
        <test-method status="FAIL" signature="startBrowser()[pri:0, instance:org.web.automation.testcases.TC_001_Login_Logout_Valid_Credentials@5622fdf]" name="startBrowser" is-config="true" duration-ms="15194" started-at="2020-05-19T16:28:08Z" finished-at="2020-05-19T16:28:23Z">
          <exception class="org.openqa.selenium.SessionNotCreatedException">
            <message>
              <![CDATA[session not created: This version of ChromeDriver only supports Chrome version 78
Build info: version: '3.141.59', revision: 'e82be7d358', time: '2018-11-14T08:17:03'
System info: host: 'GAGAN', ip: '127.0.0.1', os.name: 'Windows 10', os.arch: 'amd64', os.version: '10.0', java.version: '1.8.0_121'
Driver info: driver.version: ChromeDriver
remote stacktrace: Backtrace:
Ordinal0 [0x00D0A903+1550595]
Ordinal0 [0x00C8A701+1025793]
Ordinal0 [0x00C0C6E5+509669]
Ordinal0 [0x00B9FC68+64616]
Ordinal0 [0x00B9C594+50580]
Ordinal0 [0x00BBACE7+175335]
Ordinal0 [0x00BBA8ED+174317]
Ordinal0 [0x00BB8CDB+167131]
Ordinal0 [0x00BA144A+70730]
Ordinal0 [0x00BA24D0+74960]
Ordinal0 [0x00BA2469+74857]
Ordinal0 [0x00CA42C7+1131207]
GetHandleVerifier [0x00DA70FD+523789]
GetHandleVerifier [0x00DA6E90+523168]
GetHandleVerifier [0x00DAE1E7+552695]
GetHandleVerifier [0x00DA78FA+525834]
Ordinal0 [0x00C9B7FC+1095676]
Ordinal0 [0x00CA633B+1139515]
Ordinal0 [0x00CA64A3+1139875]
Ordinal0 [0x00CA5425+1135653]
BaseThreadInitThunk [0x77266359+25]
RtlGetAppContainerNamedObjectPath [0x77727C24+228]
RtlGetAppContainerNamedObjectPath [0x77727BF4+180]
]]>
            </message>
            <full-stacktrace>
              <![CDATA[org.openqa.selenium.SessionNotCreatedException: session not created: This version of ChromeDriver only supports Chrome version 78
Build info: version: '3.141.59', revision: 'e82be7d358', time: '2018-11-14T08:17:03'
System info: host: 'GAGAN', ip: '127.0.0.1', os.name: 'Windows 10', os.arch: 'amd64', os.version: '10.0', java.version: '1.8.0_121'
Driver info: driver.version: ChromeDriver
remote stacktrace: Backtrace:
Ordinal0 [0x00D0A903+1550595]
Ordinal0 [0x00C8A701+1025793]
Ordinal0 [0x00C0C6E5+509669]
Ordinal0 [0x00B9FC68+64616]
Ordinal0 [0x00B9C594+50580]
Ordinal0 [0x00BBACE7+175335]
Ordinal0 [0x00BBA8ED+174317]
Ordinal0 [0x00BB8CDB+167131]
Ordinal0 [0x00BA144A+70730]
Ordinal0 [0x00BA24D0+74960]
Ordinal0 [0x00BA2469+74857]
Ordinal0 [0x00CA42C7+1131207]
GetHandleVerifier [0x00DA70FD+523789]
GetHandleVerifier [0x00DA6E90+523168]
GetHandleVerifier [0x00DAE1E7+552695]
GetHandleVerifier [0x00DA78FA+525834]
Ordinal0 [0x00C9B7FC+1095676]
Ordinal0 [0x00CA633B+1139515]
Ordinal0 [0x00CA64A3+1139875]
Ordinal0 [0x00CA5425+1135653]
BaseThreadInitThunk [0x77266359+25]
RtlGetAppContainerNamedObjectPath [0x77727C24+228]
RtlGetAppContainerNamedObjectPath [0x77727BF4+180]

at sun.reflect.NativeConstructorAccessorImpl.newInstance0(Native Method)
at sun.reflect.NativeConstructorAccessorImpl.newInstance(Unknown Source)
at sun.reflect.DelegatingConstructorAccessorImpl.newInstance(Unknown Source)
at java.lang.reflect.Constructor.newInstance(Unknown Source)
at org.openqa.selenium.remote.W3CHandshakeResponse.lambda$errorHandler$0(W3CHandshakeResponse.java:62)
at org.openqa.selenium.remote.HandshakeResponse.lambda$getResponseFunction$0(HandshakeResponse.java:30)
at org.openqa.selenium.remote.ProtocolHandshake.lambda$createSession$0(ProtocolHandshake.java:126)
at java.util.stream.ReferencePipeline$3$1.accept(Unknown Source)
at java.util.Spliterators$ArraySpliterator.tryAdvance(Unknown Source)
at java.util.stream.ReferencePipeline.forEachWithCancel(Unknown Source)
at java.util.stream.AbstractPipeline.copyIntoWithCancel(Unknown Source)
at java.util.stream.AbstractPipeline.copyInto(Unknown Source)
at java.util.stream.AbstractPipeline.wrapAndCopyInto(Unknown Source)
at java.util.stream.FindOps$FindOp.evaluateSequential(Unknown Source)
at java.util.stream.AbstractPipeline.evaluate(Unknown Source)
at java.util.stream.ReferencePipeline.findFirst(Unknown Source)
at org.openqa.selenium.remote.ProtocolHandshake.createSession(ProtocolHandshake.java:128)
at org.openqa.selenium.remote.ProtocolHandshake.createSession(ProtocolHandshake.java:74)
at org.openqa.selenium.remote.HttpCommandExecutor.execute(HttpCommandExecutor.java:136)
at org.openqa.selenium.remote.service.DriverCommandExecutor.execute(DriverCommandExecutor.java:83)
at org.openqa.selenium.remote.RemoteWebDriver.execute(RemoteWebDriver.java:552)
at org.openqa.selenium.remote.RemoteWebDriver.startSession(RemoteWebDriver.java:213)
at org.openqa.selenium.remote.RemoteWebDriver.<init>(RemoteWebDriver.java:131)
at org.openqa.selenium.chrome.ChromeDriver.<init>(ChromeDriver.java:181)
at org.openqa.selenium.chrome.ChromeDriver.<init>(ChromeDriver.java:168)
at org.openqa.selenium.chrome.ChromeDriver.<init>(ChromeDriver.java:123)
at org.web.automation.base.DriverInitials.startBrowser(DriverInitials.java:27)
at sun.reflect.NativeMethodAccessorImpl.invoke0(Native Method)
at sun.reflect.NativeMethodAccessorImpl.invoke(Unknown Source)
at sun.reflect.DelegatingMethodAccessorImpl.invoke(Unknown Source)
at java.lang.reflect.Method.invoke(Unknown Source)
at org.testng.internal.MethodInvocationHelper.invokeMethod(MethodInvocationHelper.java:124)
at org.testng.internal.MethodInvocationHelper.invokeMethodConsideringTimeout(MethodInvocationHelper.java:59)
at org.testng.internal.Invoker.invokeConfigurationMethod(Invoker.java:455)
at org.testng.internal.Invoker.invokeConfigurations(Invoker.java:222)
at org.testng.internal.Invoker.invokeMethod(Invoker.java:520)
at org.testng.internal.Invoker.invokeTestMethod(Invoker.java:716)
at org.testng.internal.Invoker.invokeTestMethods(Invoker.java:988)
at org.testng.internal.TestMethodWorker.invokeTestMethods(TestMethodWorker.java:125)
at org.testng.internal.TestMethodWorker.run(TestMethodWorker.java:109)
at org.testng.TestRunner.privateRun(TestRunner.java:648)
at org.testng.TestRunner.run(TestRunner.java:505)
at org.testng.SuiteRunner.runTest(SuiteRunner.java:455)
at org.testng.SuiteRunner.runSequentially(SuiteRunner.java:450)
at org.testng.SuiteRunner.privateRun(SuiteRunner.java:415)
at org.testng.SuiteRunner.run(SuiteRunner.java:364)
at org.testng.SuiteRunnerWorker.runSuite(SuiteRunnerWorker.java:52)
at org.testng.SuiteRunnerWorker.run(SuiteRunnerWorker.java:84)
at org.testng.TestNG.runSuitesSequentially(TestNG.java:1208)
at org.testng.TestNG.runSuitesLocally(TestNG.java:1137)
at org.testng.TestNG.runSuites(TestNG.java:1049)
at org.testng.TestNG.run(TestNG.java:1017)
at org.testng.remote.AbstractRemoteTestNG.run(AbstractRemoteTestNG.java:114)
at org.testng.remote.RemoteTestNG.initAndRun(RemoteTestNG.java:251)
at org.testng.remote.RemoteTestNG.main(RemoteTestNG.java:77)
]]>
            </full-stacktrace>
          </exception> <!-- org.openqa.selenium.SessionNotCreatedException -->
          <reporter-output>
          </reporter-output>
        </test-method> <!-- startBrowser -->
        <test-method status="SKIP" signature="login()[pri:0, instance:org.web.automation.testcases.TC_001_Login_Logout_Valid_Credentials@5622fdf]" name="login" duration-ms="0" started-at="2020-05-19T16:28:23Z" finished-at="2020-05-19T16:28:23Z">
          <exception class="org.openqa.selenium.SessionNotCreatedException">
            <message>
              <![CDATA[session not created: This version of ChromeDriver only supports Chrome version 78
Build info: version: '3.141.59', revision: 'e82be7d358', time: '2018-11-14T08:17:03'
System info: host: 'GAGAN', ip: '127.0.0.1', os.name: 'Windows 10', os.arch: 'amd64', os.version: '10.0', java.version: '1.8.0_121'
Driver info: driver.version: ChromeDriver
remote stacktrace: Backtrace:
Ordinal0 [0x00D0A903+1550595]
Ordinal0 [0x00C8A701+1025793]
Ordinal0 [0x00C0C6E5+509669]
Ordinal0 [0x00B9FC68+64616]
Ordinal0 [0x00B9C594+50580]
Ordinal0 [0x00BBACE7+175335]
Ordinal0 [0x00BBA8ED+174317]
Ordinal0 [0x00BB8CDB+167131]
Ordinal0 [0x00BA144A+70730]
Ordinal0 [0x00BA24D0+74960]
Ordinal0 [0x00BA2469+74857]
Ordinal0 [0x00CA42C7+1131207]
GetHandleVerifier [0x00DA70FD+523789]
GetHandleVerifier [0x00DA6E90+523168]
GetHandleVerifier [0x00DAE1E7+552695]
GetHandleVerifier [0x00DA78FA+525834]
Ordinal0 [0x00C9B7FC+1095676]
Ordinal0 [0x00CA633B+1139515]
Ordinal0 [0x00CA64A3+1139875]
Ordinal0 [0x00CA5425+1135653]
BaseThreadInitThunk [0x77266359+25]
RtlGetAppContainerNamedObjectPath [0x77727C24+228]
RtlGetAppContainerNamedObjectPath [0x77727BF4+180]
]]>
            </message>
            <full-stacktrace>
              <![CDATA[org.openqa.selenium.SessionNotCreatedException: session not created: This version of ChromeDriver only supports Chrome version 78
Build info: version: '3.141.59', revision: 'e82be7d358', time: '2018-11-14T08:17:03'
System info: host: 'GAGAN', ip: '127.0.0.1', os.name: 'Windows 10', os.arch: 'amd64', os.version: '10.0', java.version: '1.8.0_121'
Driver info: driver.version: ChromeDriver
remote stacktrace: Backtrace:
Ordinal0 [0x00D0A903+1550595]
Ordinal0 [0x00C8A701+1025793]
Ordinal0 [0x00C0C6E5+509669]
Ordinal0 [0x00B9FC68+64616]
Ordinal0 [0x00B9C594+50580]
Ordinal0 [0x00BBACE7+175335]
Ordinal0 [0x00BBA8ED+174317]
Ordinal0 [0x00BB8CDB+167131]
Ordinal0 [0x00BA144A+70730]
Ordinal0 [0x00BA24D0+74960]
Ordinal0 [0x00BA2469+74857]
Ordinal0 [0x00CA42C7+1131207]
GetHandleVerifier [0x00DA70FD+523789]
GetHandleVerifier [0x00DA6E90+523168]
GetHandleVerifier [0x00DAE1E7+552695]
GetHandleVerifier [0x00DA78FA+525834]
Ordinal0 [0x00C9B7FC+1095676]
Ordinal0 [0x00CA633B+1139515]
Ordinal0 [0x00CA64A3+1139875]
Ordinal0 [0x00CA5425+1135653]
BaseThreadInitThunk [0x77266359+25]
RtlGetAppContainerNamedObjectPath [0x77727C24+228]
RtlGetAppContainerNamedObjectPath [0x77727BF4+180]

at sun.reflect.NativeConstructorAccessorImpl.newInstance0(Native Method)
at sun.reflect.NativeConstructorAccessorImpl.newInstance(Unknown Source)
at sun.reflect.DelegatingConstructorAccessorImpl.newInstance(Unknown Source)
at java.lang.reflect.Constructor.newInstance(Unknown Source)
at org.openqa.selenium.remote.W3CHandshakeResponse.lambda$errorHandler$0(W3CHandshakeResponse.java:62)
at org.openqa.selenium.remote.HandshakeResponse.lambda$getResponseFunction$0(HandshakeResponse.java:30)
at org.openqa.selenium.remote.ProtocolHandshake.lambda$createSession$0(ProtocolHandshake.java:126)
at java.util.stream.ReferencePipeline$3$1.accept(Unknown Source)
at java.util.Spliterators$ArraySpliterator.tryAdvance(Unknown Source)
at java.util.stream.ReferencePipeline.forEachWithCancel(Unknown Source)
at java.util.stream.AbstractPipeline.copyIntoWithCancel(Unknown Source)
at java.util.stream.AbstractPipeline.copyInto(Unknown Source)
at java.util.stream.AbstractPipeline.wrapAndCopyInto(Unknown Source)
at java.util.stream.FindOps$FindOp.evaluateSequential(Unknown Source)
at java.util.stream.AbstractPipeline.evaluate(Unknown Source)
at java.util.stream.ReferencePipeline.findFirst(Unknown Source)
at org.openqa.selenium.remote.ProtocolHandshake.createSession(ProtocolHandshake.java:128)
at org.openqa.selenium.remote.ProtocolHandshake.createSession(ProtocolHandshake.java:74)
at org.openqa.selenium.remote.HttpCommandExecutor.execute(HttpCommandExecutor.java:136)
at org.openqa.selenium.remote.service.DriverCommandExecutor.execute(DriverCommandExecutor.java:83)
at org.openqa.selenium.remote.RemoteWebDriver.execute(RemoteWebDriver.java:552)
at org.openqa.selenium.remote.RemoteWebDriver.startSession(RemoteWebDriver.java:213)
at org.openqa.selenium.remote.RemoteWebDriver.<init>(RemoteWebDriver.java:131)
at org.openqa.selenium.chrome.ChromeDriver.<init>(ChromeDriver.java:181)
at org.openqa.selenium.chrome.ChromeDriver.<init>(ChromeDriver.java:168)
at org.openqa.selenium.chrome.ChromeDriver.<init>(ChromeDriver.java:123)
at org.web.automation.base.DriverInitials.startBrowser(DriverInitials.java:27)
at sun.reflect.NativeMethodAccessorImpl.invoke0(Native Method)
at sun.reflect.NativeMethodAccessorImpl.invoke(Unknown Source)
at sun.reflect.DelegatingMethodAccessorImpl.invoke(Unknown Source)
at java.lang.reflect.Method.invoke(Unknown Source)
at org.testng.internal.MethodInvocationHelper.invokeMethod(MethodInvocationHelper.java:124)
at org.testng.internal.MethodInvocationHelper.invokeMethodConsideringTimeout(MethodInvocationHelper.java:59)
at org.testng.internal.Invoker.invokeConfigurationMethod(Invoker.java:455)
at org.testng.internal.Invoker.invokeConfigurations(Invoker.java:222)
at org.testng.internal.Invoker.invokeMethod(Invoker.java:520)
at org.testng.internal.Invoker.invokeTestMethod(Invoker.java:716)
at org.testng.internal.Invoker.invokeTestMethods(Invoker.java:988)
at org.testng.internal.TestMethodWorker.invokeTestMethods(TestMethodWorker.java:125)
at org.testng.internal.TestMethodWorker.run(TestMethodWorker.java:109)
at org.testng.TestRunner.privateRun(TestRunner.java:648)
at org.testng.TestRunner.run(TestRunner.java:505)
at org.testng.SuiteRunner.runTest(SuiteRunner.java:455)
at org.testng.SuiteRunner.runSequentially(SuiteRunner.java:450)
at org.testng.SuiteRunner.privateRun(SuiteRunner.java:415)
at org.testng.SuiteRunner.run(SuiteRunner.java:364)
at org.testng.SuiteRunnerWorker.runSuite(SuiteRunnerWorker.java:52)
at org.testng.SuiteRunnerWorker.run(SuiteRunnerWorker.java:84)
at org.testng.TestNG.runSuitesSequentially(TestNG.java:1208)
at org.testng.TestNG.runSuitesLocally(TestNG.java:1137)
at org.testng.TestNG.runSuites(TestNG.java:1049)
at org.testng.TestNG.run(TestNG.java:1017)
at org.testng.remote.AbstractRemoteTestNG.run(AbstractRemoteTestNG.java:114)
at org.testng.remote.RemoteTestNG.initAndRun(RemoteTestNG.java:251)
at org.testng.remote.RemoteTestNG.main(RemoteTestNG.java:77)
]]>
            </full-stacktrace>
          </exception> <!-- org.openqa.selenium.SessionNotCreatedException -->
          <reporter-output>
          </reporter-output>
        </test-method> <!-- login -->
      </class> <!-- org.web.automation.testcases.TC_001_Login_Logout_Valid_Credentials -->
    </test> <!-- Default test -->
  </suite> <!-- Default suite -->
</testng-results>
